Release 14.7 Map P.20131013 (lin64)
Xilinx Mapping Report File for Design 'mojo_top_0'

Design Information
------------------
Command Line   : map -intstyle pa -w -pr b -mt on mojo_top_0.ngd 
Target Device  : xc6slx9
Target Package : tqg144
Target Speed   : -2
Mapper Version : spartan6 -- $Revision: 1.55 $
Mapped Date    : Thu Feb 15 21:58:06 2018

Design Summary
--------------
Number of errors:      0
Number of warnings:    1
Slice Logic Utilization:
  Number of Slice Registers:                 1,939 out of  11,440   16%
    Number used as Flip Flops:               1,938
    Number used as Latches:                      1
    Number used as Latch-thrus:                  0
    Number used as AND/OR logics:                0
  Number of Slice LUTs:                      2,976 out of   5,720   52%
    Number used as logic:                    2,837 out of   5,720   49%
      Number using O6 output only:           1,952
      Number using O5 output only:             194
      Number using O5 and O6:                  691
      Number used as ROM:                        0
    Number used as Memory:                      96 out of   1,440    6%
      Number used as Dual Port RAM:             96
        Number using O6 output only:            96
        Number using O5 output only:             0
        Number using O5 and O6:                  0
      Number used as Single Port RAM:            0
      Number used as Shift Register:             0
    Number used exclusively as route-thrus:     43
      Number with same-slice register load:     16
      Number with same-slice carry load:        27
      Number with other load:                    0

Slice Logic Distribution:
  Number of occupied Slices:                 1,041 out of   1,430   72%
  Number of MUXCYs used:                       716 out of   2,860   25%
  Number of LUT Flip Flop pairs used:        3,203
    Number with an unused Flip Flop:         1,552 out of   3,203   48%
    Number with an unused LUT:                 227 out of   3,203    7%
    Number of fully used LUT-FF pairs:       1,424 out of   3,203   44%
    Number of unique control sets:              90
    Number of slice register sites lost
      to control set restrictions:             109 out of  11,440    1%

  A LUT Flip Flop pair for this architecture represents one LUT paired with
  one Flip Flop within a slice.  A control set is a unique combination of
  clock, reset, set, and enable signals for a registered element.
  The Slice Logic Distribution report is not meaningful if the design is
  over-mapped for a non-slice resource or if Placement fails.

IO Utilization:
  Number of bonded IOBs:                        87 out of     102   85%
    Number of LOCed IOBs:                       87 out of      87  100%
    IOB Flip Flops:                             11

Specific Feature Utilization:
  Number of RAMB16BWERs:                        24 out of      32   75%
  Number of RAMB8BWERs:                          0 out of      64    0%
  Number of BUFIO2/BUFIO2_2CLKs:                 0 out of      32    0%
  Number of BUFIO2FB/BUFIO2FB_2CLKs:             0 out of      32    0%
  Number of BUFG/BUFGMUXs:                       2 out of      16   12%
    Number used as BUFGs:                        2
    Number used as BUFGMUX:                      0
  Number of DCM/DCM_CLKGENs:                     0 out of       4    0%
  Number of ILOGIC2/ISERDES2s:                   4 out of     200    2%
    Number used as ILOGIC2s:                     4
    Number used as ISERDES2s:                    0
  Number of IODELAY2/IODRP2/IODRP2_MCBs:         0 out of     200    0%
  Number of OLOGIC2/OSERDES2s:                   7 out of     200    3%
    Number used as OLOGIC2s:                     7
    Number used as OSERDES2s:                    0
  Number of BSCANs:                              0 out of       4    0%
  Number of BUFHs:                               0 out of     128    0%
  Number of BUFPLLs:                             0 out of       8    0%
  Number of BUFPLL_MCBs:                         0 out of       4    0%
  Number of DSP48A1s:                            0 out of      16    0%
  Number of ICAPs:                               0 out of       1    0%
  Number of MCBs:                                0 out of       2    0%
  Number of PCILOGICSEs:                         0 out of       2    0%
  Number of PLL_ADVs:                            0 out of       2    0%
  Number of PMVs:                                0 out of       1    0%
  Number of STARTUPs:                            0 out of       1    0%
  Number of SUSPEND_SYNCs:                       0 out of       1    0%

Average Fanout of Non-Clock Nets:                3.98

Peak Memory Usage:  843 MB
Total REAL time to MAP completion:  25 secs 
Total CPU time to MAP completion (all processors):   26 secs 

Table of Contents
-----------------
Section 1 - Errors
Section 2 - Warnings
Section 3 - Informational
Section 4 - Removed Logic Summary
Section 5 - Removed Logic
Section 6 - IOB Properties
Section 7 - RPMs
Section 8 - Guide Report
Section 9 - Area Group and Partition Summary
Section 10 - Timing Report
Section 11 - Configuration String Information
Section 12 - Control Set Information
Section 13 - Utilization by Hierarchy

Section 1 - Errors
------------------

Section 2 - Warnings
--------------------
WARNING:PhysDesignRules:372 - Gated clock. Clock net
   main_control/Mram_state_q[1]_PWR_8_o_Mux_18_o is sourced by a combinatorial
   pin. This is not good design practice. Use the CE pin to control the loading
   of data into the flip-flop.

Section 3 - Informational
-------------------------
INFO:Map:284 - Map is running with the multi-threading option on. Map currently
   supports the use of up to 2 processors. Based on the the user options and
   machine load, Map will use 2 processors during this run.
INFO:LIT:243 - Logical network SERIAL_IN has no load.
INFO:LIT:395 - The above info message is repeated 1 more times for the following
   (max. 5 shown):
   avr_rx_busy_IBUF
   To see the details of these info messages, please use the -detail switch.
INFO:MapLib:562 - No environment variables are currently set.
INFO:LIT:244 - All of the single ended outputs in this design are using slew
   rate limited output drivers. The delay on speed critical single ended outputs
   can be dramatically reduced by designating them as fast outputs.
INFO:Pack:1716 - Initializing temperature to 85.000 Celsius. (default - Range:
   0.000 to 85.000 Celsius)
INFO:Pack:1720 - Initializing voltage to 1.140 Volts. (default - Range: 1.140 to
   1.260 Volts)
INFO:Map:215 - The Interim Design Summary has been generated in the MAP Report
   (.mrp).
INFO:Pack:1650 - Map created a placed design.

Section 4 - Removed Logic Summary
---------------------------------
  33 block(s) optimized away

Section 5 - Removed Logic
-------------------------

Optimized Block(s):
TYPE 		BLOCK
VCC 		XST_VCC
GND 		avr_interface/cclk_detector/XST_GND
VCC 		avr_interface/cclk_detector/XST_VCC
GND 		f1_FCLK/XST_GND
VCC 		f1_FCLK/XST_VCC
GND 		f1_mems_control/XST_GND
VCC 		f1_mems_control/XST_VCC
GND 		f1_tdc_control/XST_GND
VCC 		f1_tdc_control/XST_VCC
GND 		f2_mems_control/XST_GND
VCC 		f2_mems_control/XST_VCC
GND 		f2_tdc_control/XST_GND
VCC 		f2_tdc_control/XST_VCC
GND 		f3_mems_control/XST_GND
VCC 		f3_mems_control/XST_VCC
GND 		f3_tdc_control/XST_GND
VCC 		f3_tdc_control/XST_VCC
GND 		f4_mems_control/XST_GND
VCC 		f4_mems_control/XST_VCC
GND 		f4_tdc_control/XST_GND
VCC 		f4_tdc_control/XST_VCC
GND 		f5_mems_control/XST_GND
VCC 		f5_mems_control/XST_VCC
GND 		f5_tdc_control/XST_GND
VCC 		f5_tdc_control/XST_VCC
GND 		f6_mems_control/XST_GND
VCC 		f6_mems_control/XST_VCC
GND 		f6_tdc_control/XST_GND
VCC 		f6_tdc_control/XST_VCC
GND 		main_control/XST_GND
VCC 		main_control/XST_VCC
GND 		mems_rom/XST_GND
VCC 		mems_rom/XST_VCC

To enable printing of redundant blocks removed and signals merged, set the
detailed map report option and rerun map.

Section 6 - IOB Properties
--------------------------

+---------------------------------------------------------------------------------------------------------------------------------------------------------+
| IOB Name                           | Type             | Direction | IO Standard          | Diff  | Drive    | Slew | Reg (s)      | Resistor | IOB      |
|                                    |                  |           |                      | Term  | Strength | Rate |              |          | Delay    |
+---------------------------------------------------------------------------------------------------------------------------------------------------------+
| SERIAL_OUT_TDC                     | IOB              | OUTPUT    | LVTTL                |       | 12       | SLOW | OFF          |          |          |
| avr_rx                             | IOB              | OUTPUT    | LVTTL                |       | 12       | SLOW |              |          |          |
| avr_rx_busy                        | IOB              | INPUT     | LVTTL                |       |          |      |              |          |          |
| avr_tx                             | IOB              | INPUT     | LVTTL                |       |          |      | IFF          |          |          |
| cclk                               | IOB              | INPUT     | LVTTL                |       |          |      |              |          |          |
| clk                                | IOB              | INPUT     | LVTTL                |       |          |      |              |          |          |
| f1_ENABLE                          | IOB              | OUTPUT    | LVTTL                |       | 12       | SLOW |              |          |          |
| f1_MEMS_CS                         | IOB              | OUTPUT    | LVTTL                |       | 12       | SLOW |              |          |          |
| f1_MEMS_FCLK                       | IOB              | OUTPUT    | LVTTL                |       | 12       | SLOW |              |          |          |
| f1_MEMS_MOSI                       | IOB              | OUTPUT    | LVTTL                |       | 12       | SLOW | OFF          |          |          |
| f1_MEMS_SPI_CLOCK                  | IOB              | OUTPUT    | LVTTL                |       | 12       | SLOW |              |          |          |
| f1_TDC_CS                          | IOB              | OUTPUT    | LVTTL                |       | 12       | SLOW |              |          |          |
| f1_TDC_DOUT                        | IOB              | INPUT     | LVTTL                |       |          |      |              |          |          |
| f1_TDC_INTB                        | IOB              | INPUT     | LVTTL                |       |          |      |              |          |          |
| f1_TDC_MOSI                        | IOB              | OUTPUT    | LVTTL                |       | 12       | SLOW |              |          |          |
| f1_TDC_REF_CLOCK                   | IOB              | OUTPUT    | LVTTL                |       | 12       | SLOW |              |          |          |
| f1_TDC_SPI_CLOCK                   | IOB              | OUTPUT    | LVTTL                |       | 12       | SLOW |              |          |          |
| f1_TDC_START_SIGNAL                | IOB              | OUTPUT    | LVTTL                |       | 12       | SLOW |              |          |          |
| f2_ENABLE                          | IOB              | OUTPUT    | LVTTL                |       | 12       | SLOW |              |          |          |
| f2_MEMS_CS                         | IOB              | OUTPUT    | LVTTL                |       | 12       | SLOW |              |          |          |
| f2_MEMS_FCLK                       | IOB              | OUTPUT    | LVTTL                |       | 12       | SLOW |              |          |          |
| f2_MEMS_MOSI                       | IOB              | OUTPUT    | LVTTL                |       | 12       | SLOW | OFF          |          |          |
| f2_MEMS_SPI_CLOCK                  | IOB              | OUTPUT    | LVTTL                |       | 12       | SLOW |              |          |          |
| f2_TDC_CS                          | IOB              | OUTPUT    | LVTTL                |       | 12       | SLOW |              |          |          |
| f2_TDC_DOUT                        | IOB              | INPUT     | LVTTL                |       |          |      |              |          |          |
| f2_TDC_INTB                        | IOB              | INPUT     | LVTTL                |       |          |      |              |          |          |
| f2_TDC_MOSI                        | IOB              | OUTPUT    | LVTTL                |       | 12       | SLOW |              |          |          |
| f2_TDC_REF_CLOCK                   | IOB              | OUTPUT    | LVTTL                |       | 12       | SLOW |              |          |          |
| f2_TDC_SPI_CLOCK                   | IOB              | OUTPUT    | LVTTL                |       | 12       | SLOW |              |          |          |
| f2_TDC_START_SIGNAL                | IOB              | OUTPUT    | LVTTL                |       | 12       | SLOW |              |          |          |
| f3_ENABLE                          | IOB              | OUTPUT    | LVTTL                |       | 12       | SLOW |              |          |          |
| f3_MEMS_CS                         | IOB              | OUTPUT    | LVTTL                |       | 12       | SLOW |              |          |          |
| f3_MEMS_FCLK                       | IOB              | OUTPUT    | LVTTL                |       | 12       | SLOW |              |          |          |
| f3_MEMS_MOSI                       | IOB              | OUTPUT    | LVTTL                |       | 12       | SLOW | OFF          |          |          |
| f3_MEMS_SPI_CLOCK                  | IOB              | OUTPUT    | LVTTL                |       | 12       | SLOW |              |          |          |
| f3_TDC_CS                          | IOB              | OUTPUT    | LVTTL                |       | 12       | SLOW |              |          |          |
| f3_TDC_DOUT                        | IOB              | INPUT     | LVTTL                |       |          |      |              |          |          |
| f3_TDC_INTB                        | IOB              | INPUT     | LVTTL                |       |          |      |              |          |          |
| f3_TDC_MOSI                        | IOB              | OUTPUT    | LVTTL                |       | 12       | SLOW |              |          |          |
| f3_TDC_REF_CLOCK                   | IOB              | OUTPUT    | LVTTL                |       | 12       | SLOW |              |          |          |
| f3_TDC_SPI_CLOCK                   | IOB              | OUTPUT    | LVTTL                |       | 12       | SLOW |              |          |          |
| f3_TDC_START_SIGNAL                | IOB              | OUTPUT    | LVTTL                |       | 12       | SLOW |              |          |          |
| f4_ENABLE                          | IOB              | OUTPUT    | LVTTL                |       | 12       | SLOW |              |          |          |
| f4_MEMS_CS                         | IOB              | OUTPUT    | LVTTL                |       | 12       | SLOW |              |          |          |
| f4_MEMS_FCLK                       | IOB              | OUTPUT    | LVTTL                |       | 12       | SLOW |              |          |          |
| f4_MEMS_MOSI                       | IOB              | OUTPUT    | LVTTL                |       | 12       | SLOW | OFF          |          |          |
| f4_MEMS_SPI_CLOCK                  | IOB              | OUTPUT    | LVTTL                |       | 12       | SLOW |              |          |          |
| f4_TDC_CS                          | IOB              | OUTPUT    | LVTTL                |       | 12       | SLOW |              |          |          |
| f4_TDC_DOUT                        | IOB              | INPUT     | LVTTL                |       |          |      |              |          |          |
| f4_TDC_INTB                        | IOB              | INPUT     | LVTTL                |       |          |      |              |          |          |
| f4_TDC_MOSI                        | IOB              | OUTPUT    | LVTTL                |       | 12       | SLOW |              |          |          |
| f4_TDC_REF_CLOCK                   | IOB              | OUTPUT    | LVTTL                |       | 12       | SLOW |              |          |          |
| f4_TDC_SPI_CLOCK                   | IOB              | OUTPUT    | LVTTL                |       | 12       | SLOW |              |          |          |
| f4_TDC_START_SIGNAL                | IOB              | OUTPUT    | LVTTL                |       | 12       | SLOW |              |          |          |
| f5_ENABLE                          | IOB              | OUTPUT    | LVTTL                |       | 12       | SLOW |              |          |          |
| f5_MEMS_CS                         | IOB              | OUTPUT    | LVTTL                |       | 12       | SLOW |              |          |          |
| f5_MEMS_FCLK                       | IOB              | OUTPUT    | LVTTL                |       | 12       | SLOW |              |          |          |
| f5_MEMS_MOSI                       | IOB              | OUTPUT    | LVTTL                |       | 12       | SLOW | OFF          |          |          |
| f5_MEMS_SPI_CLOCK                  | IOB              | OUTPUT    | LVTTL                |       | 12       | SLOW |              |          |          |
| f5_TDC_CS                          | IOB              | OUTPUT    | LVTTL                |       | 12       | SLOW |              |          |          |
| f5_TDC_DOUT                        | IOB              | INPUT     | LVTTL                |       |          |      |              |          |          |
| f5_TDC_INTB                        | IOB              | INPUT     | LVTTL                |       |          |      |              |          |          |
| f5_TDC_MOSI                        | IOB              | OUTPUT    | LVTTL                |       | 12       | SLOW |              |          |          |
| f5_TDC_REF_CLOCK                   | IOB              | OUTPUT    | LVTTL                |       | 12       | SLOW |              |          |          |
| f5_TDC_SPI_CLOCK                   | IOB              | OUTPUT    | LVTTL                |       | 12       | SLOW |              |          |          |
| f5_TDC_START_SIGNAL                | IOB              | OUTPUT    | LVTTL                |       | 12       | SLOW |              |          |          |
| f6_ENABLE                          | IOB              | OUTPUT    | LVTTL                |       | 12       | SLOW |              |          |          |
| f6_MEMS_CS                         | IOB              | OUTPUT    | LVTTL                |       | 12       | SLOW |              |          |          |
| f6_MEMS_FCLK                       | IOB              | OUTPUT    | LVTTL                |       | 12       | SLOW |              |          |          |
| f6_MEMS_MOSI                       | IOB              | OUTPUT    | LVTTL                |       | 12       | SLOW | OFF          |          |          |
| f6_MEMS_SPI_CLOCK                  | IOB              | OUTPUT    | LVTTL                |       | 12       | SLOW |              |          |          |
| f6_TDC_CS                          | IOB              | OUTPUT    | LVTTL                |       | 12       | SLOW |              |          |          |
| f6_TDC_DOUT                        | IOB              | INPUT     | LVTTL                |       |          |      |              |          |          |
| f6_TDC_INTB                        | IOB              | INPUT     | LVTTL                |       |          |      |              |          |          |
| f6_TDC_MOSI                        | IOB              | OUTPUT    | LVTTL                |       | 12       | SLOW |              |          |          |
| f6_TDC_REF_CLOCK                   | IOB              | OUTPUT    | LVTTL                |       | 12       | SLOW |              |          |          |
| f6_TDC_SPI_CLOCK                   | IOB              | OUTPUT    | LVTTL                |       | 12       | SLOW |              |          |          |
| f6_TDC_START_SIGNAL                | IOB              | OUTPUT    | LVTTL                |       | 12       | SLOW |              |          |          |
| rst_n                              | IOB              | INPUT     | LVTTL                |       |          |      |              |          |          |
| spi_channel[0]                     | IOB              | OUTPUT    | LVTTL                |       | 12       | SLOW |              |          |          |
| spi_channel[1]                     | IOB              | OUTPUT    | LVTTL                |       | 12       | SLOW |              |          |          |
| spi_channel[2]                     | IOB              | OUTPUT    | LVTTL                |       | 12       | SLOW |              |          |          |
| spi_channel[3]                     | IOB              | OUTPUT    | LVTTL                |       | 12       | SLOW |              |          |          |
| spi_miso                           | IOB              | OUTPUT    | LVTTL                |       | 12       | SLOW |              |          |          |
| spi_mosi                           | IOB              | INPUT     | LVTTL                |       |          |      | IFF          |          |          |
| spi_sck                            | IOB              | INPUT     | LVTTL                |       |          |      | IFF          |          |          |
| spi_ss                             | IOB              | INPUT     | LVTTL                |       |          |      | IFF          |          |          |
+---------------------------------------------------------------------------------------------------------------------------------------------------------+

Section 7 - RPMs
----------------

Section 8 - Guide Report
------------------------
Guide not run on this design.

Section 9 - Area Group and Partition Summary
--------------------------------------------

Partition Implementation Status
-------------------------------

  No Partitions were found in this design.

-------------------------------

Area Group Information
----------------------

  No area groups were found in this design.

----------------------

Section 10 - Timing Report
--------------------------
A logic-level (pre-route) timing report can be generated by using Xilinx static
timing analysis tools, Timing Analyzer (GUI) or TRCE (command line), with the
mapped NCD and PCF files. Please note that this timing report will be generated
using estimated delay information. For accurate numbers, please generate a
timing report with the post Place and Route NCD file.

For more information about the Timing Analyzer, consult the Xilinx Timing
Analyzer Reference Manual; for more information about TRCE, consult the Xilinx
Command Line Tools User Guide "TRACE" chapter.

Section 11 - Configuration String Details
-----------------------------------------
Use the "-detail" map option to print out Configuration Strings

Section 12 - Control Set Information
------------------------------------
Use the "-detail" map option to print out Control Set Information.

Section 13 - Utilization by Hierarchy
-------------------------------------
Use the "-detail" map option to print out the Utilization by Hierarchy section.
